jun. 27, 2025 12:51:58 PM liquibase.changelog
INFO: Reading resource: db/changelog/migrations/db.changelog-2024081938.sql
jun. 27, 2025 12:51:58 PM liquibase.changelog
INFO: Reading resource: db/changelog/migrations/db.changelog-2025061051.sql
jun. 27, 2025 12:51:58 PM liquibase.changelog
INFO: Reading resource: db/changelog/migrations/db.changelog-2025061058.sql
jun. 27, 2025 12:51:58 PM liquibase.changelog
INFO: Reading resource: db/changelog/migrations/db.changelog-2025061101.sql
jun. 27, 2025 12:51:58 PM liquibase.changelog
INFO: Reading from board.databasechangelog
jun. 27, 2025 12:51:58 PM liquibase.lockservice
INFO: Successfully acquired change log lock
jun. 27, 2025 12:51:58 PM liquibase.command
INFO: Using deploymentId: 1053918487
jun. 27, 2025 12:51:58 PM liquibase.changelog
INFO: Reading from board.databasechangelog
Running Changeset: db/changelog/migrations/db.changelog-2025061058.sql::2024081938::leandro
jun. 27, 2025 12:51:58 PM liquibase.changelog
INFO: Custom SQL executed
jun. 27, 2025 12:51:58 PM liquibase.changelog
INFO: ChangeSet db/changelog/migrations/db.changelog-2025061058.sql::2024081938::leandro ran successfully in 53ms
Running Changeset: db/changelog/migrations/db.changelog-2025061101.sql::2024081938::leandro
jun. 27, 2025 12:51:58 PM liquibase.changelog
INFO: Custom SQL executed
jun. 27, 2025 12:51:58 PM liquibase.changelog
INFO: ChangeSet db/changelog/migrations/db.changelog-2025061101.sql::2024081938::leandro ran successfully in 37ms

UPDATE SUMMARY
Run:                          2
Previously run:               2
Filtered out:                 0
-------------------------------
Total change sets:            4

jun. 27, 2025 12:51:58 PM liquibase.util
INFO: UPDATE SUMMARY
jun. 27, 2025 12:51:58 PM liquibase.util
INFO: Run:                          2
jun. 27, 2025 12:51:58 PM liquibase.util
INFO: Previously run:               2
jun. 27, 2025 12:51:58 PM liquibase.util
INFO: Filtered out:                 0
jun. 27, 2025 12:51:58 PM liquibase.util
INFO: -------------------------------
jun. 27, 2025 12:51:58 PM liquibase.util
INFO: Total change sets:            4
jun. 27, 2025 12:51:58 PM liquibase.util
INFO: Update summary generated
jun. 27, 2025 12:51:58 PM liquibase.command
INFO: Update command completed successfully.
Liquibase: Update has been successful. Rows affected: 2
jun. 27, 2025 12:51:58 PM liquibase.lockservice
INFO: Successfully released change log lock
jun. 27, 2025 12:51:58 PM liquibase.command
INFO: Command execution complete
